0 info it worked if it ends with ok
1 verbose cli [ 'node', '/usr/local/bin/npm', 'install', '-g', 'watchify' ]
2 info using npm@1.4.28
3 info using node@v0.10.34
4 verbose cache add [ 'watchify', null ]
5 verbose cache add name=undefined spec="watchify" args=["watchify",null]
6 verbose parsed url { protocol: null,
6 verbose parsed url   slashes: null,
6 verbose parsed url   auth: null,
6 verbose parsed url   host: null,
6 verbose parsed url   port: null,
6 verbose parsed url   hostname: null,
6 verbose parsed url   hash: null,
6 verbose parsed url   search: null,
6 verbose parsed url   query: null,
6 verbose parsed url   pathname: 'watchify',
6 verbose parsed url   path: 'watchify',
6 verbose parsed url   href: 'watchify' }
7 silly lockFile f821d843-watchify watchify
8 verbose lock watchify /Users/shiv/.npm/f821d843-watchify.lock
9 silly lockFile f821d843-watchify watchify
10 silly lockFile f821d843-watchify watchify
11 verbose addNamed [ 'watchify', '' ]
12 verbose addNamed [ null, '*' ]
13 silly lockFile 19227da7-watchify watchify@
14 verbose lock watchify@ /Users/shiv/.npm/19227da7-watchify.lock
15 silly addNameRange { name: 'watchify', range: '*', hasData: false }
16 verbose request where is /watchify
17 verbose request registry https://registry.npmjs.org/
18 verbose request id c3c3237b39f2c613
19 verbose url raw /watchify
20 verbose url resolving [ 'https://registry.npmjs.org/', './watchify' ]
21 verbose url resolved https://registry.npmjs.org/watchify
22 verbose request where is https://registry.npmjs.org/watchify
23 info trying registry request attempt 1 at 14:29:44
24 http GET https://registry.npmjs.org/watchify
25 http 200 https://registry.npmjs.org/watchify
26 silly registry.get cb [ 200,
26 silly registry.get   { server: 'CouchDB/1.5.0 (Erlang OTP/R16B03)',
26 silly registry.get     etag: '"78FQG9ATWW0D6123ZWCXPBQP9"',
26 silly registry.get     'content-type': 'application/json',
26 silly registry.get     'cache-control': 'max-age=300',
26 silly registry.get     'content-length': '83899',
26 silly registry.get     'accept-ranges': 'bytes',
26 silly registry.get     date: 'Thu, 04 Feb 2016 08:59:45 GMT',
26 silly registry.get     via: '1.1 varnish',
26 silly registry.get     age: '234',
26 silly registry.get     connection: 'keep-alive',
26 silly registry.get     'x-served-by': 'cache-sin6924-SIN',
26 silly registry.get     'x-cache': 'HIT',
26 silly registry.get     'x-cache-hits': '9',
26 silly registry.get     'x-timer': 'S1454576385.383378,VS0,VE0',
26 silly registry.get     vary: 'Accept' } ]
27 silly addNameRange number 2 { name: 'watchify', range: '*', hasData: true }
28 silly addNameRange versions [ 'watchify',
28 silly addNameRange   [ '0.0.0',
28 silly addNameRange     '0.0.1',
28 silly addNameRange     '0.1.0',
28 silly addNameRange     '0.2.0',
28 silly addNameRange     '0.3.0',
28 silly addNameRange     '0.4.0',
28 silly addNameRange     '0.4.1',
28 silly addNameRange     '0.5.0',
28 silly addNameRange     '0.5.1',
28 silly addNameRange     '0.5.2',
28 silly addNameRange     '0.5.3',
28 silly addNameRange     '0.5.4',
28 silly addNameRange     '0.5.5',
28 silly addNameRange     '0.5.6',
28 silly addNameRange     '0.6.0',
28 silly addNameRange     '0.6.1',
28 silly addNameRange     '0.6.2',
28 silly addNameRange     '0.6.3',
28 silly addNameRange     '0.6.4',
28 silly addNameRange     '0.7.0',
28 silly addNameRange     '0.7.1',
28 silly addNameRange     '0.7.2',
28 silly addNameRange     '0.8.0',
28 silly addNameRange     '0.8.1',
28 silly addNameRange     '0.8.2',
28 silly addNameRange     '0.8.3',
28 silly addNameRange     '0.9.0',
28 silly addNameRange     '0.10.0',
28 silly addNameRange     '0.10.1',
28 silly addNameRange     '0.10.2',
28 silly addNameRange     '1.0.0',
28 silly addNameRange     '1.0.1',
28 silly addNameRange     '1.0.2',
28 silly addNameRange     '1.0.3',
28 silly addNameRange     '1.0.4',
28 silly addNameRange     '1.0.5',
28 silly addNameRange     '1.0.6',
28 silly addNameRange     '2.0.0',
28 silly addNameRange     '2.1.0',
28 silly addNameRange     '2.1.1',
28 silly addNameRange     '2.2.0',
28 silly addNameRange     '2.2.1',
28 silly addNameRange     '2.3.0',
28 silly addNameRange     '2.4.0',
28 silly addNameRange     '2.5.0',
28 silly addNameRange     '2.6.0',
28 silly addNameRange     '2.6.1',
28 silly addNameRange     '2.6.2',
28 silly addNameRange     '3.0.0',
28 silly addNameRange     '3.0.1',
28 silly addNameRange     '3.1.0',
28 silly addNameRange     '3.1.1',
28 silly addNameRange     '3.1.2',
28 silly addNameRange     '3.2.0',
28 silly addNameRange     '3.2.1',
28 silly addNameRange     '3.2.2',
28 silly addNameRange     '3.2.3',
28 silly addNameRange     '3.3.0',
28 silly addNameRange     '3.3.1',
28 silly addNameRange     '3.4.0',
28 silly addNameRange     '3.5.0',
28 silly addNameRange     '3.6.0',
28 silly addNameRange     '3.6.1',
28 silly addNameRange     '3.7.0' ] ]
29 verbose addNamed [ 'watchify', '3.7.0' ]
30 verbose addNamed [ '3.7.0', '3.7.0' ]
31 silly lockFile b3a2210c-watchify-3-7-0 watchify@3.7.0
32 verbose lock watchify@3.7.0 /Users/shiv/.npm/b3a2210c-watchify-3-7-0.lock
33 silly lockFile b6f87b8e--org-watchify-watchify-3-7-0-tgz https://registry.npmjs.org/watchify/-/watchify-3.7.0.tgz
34 verbose lock https://registry.npmjs.org/watchify/-/watchify-3.7.0.tgz /Users/shiv/.npm/b6f87b8e--org-watchify-watchify-3-7-0-tgz.lock
35 verbose addRemoteTarball [ 'https://registry.npmjs.org/watchify/-/watchify-3.7.0.tgz',
35 verbose addRemoteTarball   'ee2f2c5c8c37312303f998b818b2b3450eefe648' ]
36 info retry fetch attempt 1 at 14:29:45
37 verbose fetch to= /var/folders/xc/8rtpwrps5dscc1_9b46pp6c00000gn/T/npm-2704-xYFleEmb/registry.npmjs.org/watchify/-/watchify-3.7.0.tgz
38 http GET https://registry.npmjs.org/watchify/-/watchify-3.7.0.tgz
39 http 200 https://registry.npmjs.org/watchify/-/watchify-3.7.0.tgz
40 silly lockFile b6f87b8e--org-watchify-watchify-3-7-0-tgz https://registry.npmjs.org/watchify/-/watchify-3.7.0.tgz
41 silly lockFile b6f87b8e--org-watchify-watchify-3-7-0-tgz https://registry.npmjs.org/watchify/-/watchify-3.7.0.tgz
42 silly lockFile b3a2210c-watchify-3-7-0 watchify@3.7.0
43 silly lockFile b3a2210c-watchify-3-7-0 watchify@3.7.0
44 silly lockFile 19227da7-watchify watchify@
45 silly lockFile 19227da7-watchify watchify@
46 silly resolved [ { name: 'watchify',
46 silly resolved     version: '3.7.0',
46 silly resolved     description: 'watch mode for browserify builds',
46 silly resolved     main: 'index.js',
46 silly resolved     bin: { watchify: 'bin/cmd.js' },
46 silly resolved     dependencies:
46 silly resolved      { anymatch: '^1.3.0',
46 silly resolved        browserify: '^13.0.0',
46 silly resolved        chokidar: '^1.0.0',
46 silly resolved        defined: '^1.0.0',
46 silly resolved        outpipe: '^1.1.0',
46 silly resolved        through2: '^2.0.0',
46 silly resolved        xtend: '^4.0.0' },
46 silly resolved     devDependencies:
46 silly resolved      { brfs: '^1.0.1',
46 silly resolved        mkdirp: '~0.5.1',
46 silly resolved        split: '^1.0.0',
46 silly resolved        tape: '^4.2.2',
46 silly resolved        'uglify-js': '^2.5.0',
46 silly resolved        'win-spawn': '^2.0.0' },
46 silly resolved     scripts: { test: 'tape test/*.js' },
46 silly resolved     repository: { type: 'git', url: 'git://github.com/substack/watchify.git' },
46 silly resolved     homepage: 'https://github.com/substack/watchify',
46 silly resolved     keywords:
46 silly resolved      [ 'browserify',
46 silly resolved        'browserify-tool',
46 silly resolved        'watch',
46 silly resolved        'bundle',
46 silly resolved        'build',
46 silly resolved        'browser' ],
46 silly resolved     author:
46 silly resolved      { name: 'James Halliday',
46 silly resolved        email: 'mail@substack.net',
46 silly resolved        url: 'http://substack.net' },
46 silly resolved     license: 'MIT',
46 silly resolved     gitHead: '03017659611040789164409e291c5d1ec88348ad',
46 silly resolved     bugs: { url: 'https://github.com/substack/watchify/issues' },
46 silly resolved     _id: 'watchify@3.7.0',
46 silly resolved     _shasum: 'ee2f2c5c8c37312303f998b818b2b3450eefe648',
46 silly resolved     _from: 'watchify@',
46 silly resolved     _npmVersion: '2.14.7',
46 silly resolved     _nodeVersion: '4.2.3',
46 silly resolved     _npmUser: { name: 'feross', email: 'feross@feross.org' },
46 silly resolved     dist:
46 silly resolved      { shasum: 'ee2f2c5c8c37312303f998b818b2b3450eefe648',
46 silly resolved        tarball: 'http://registry.npmjs.org/watchify/-/watchify-3.7.0.tgz' },
46 silly resolved     maintainers: [ [Object], [Object], [Object], [Object] ],
46 silly resolved     directories: {},
46 silly resolved     _resolved: 'https://registry.npmjs.org/watchify/-/watchify-3.7.0.tgz' } ]
47 info install watchify@3.7.0 into /usr/local/lib
48 info installOne watchify@3.7.0
49 verbose lib/node_modules/watchify unbuild
50 verbose tar unpack /Users/shiv/.npm/watchify/3.7.0/package.tgz
51 silly lockFile 6fba49bc--local-lib-node-modules-watchify tar:///usr/local/lib/node_modules/watchify
52 verbose lock tar:///usr/local/lib/node_modules/watchify /Users/shiv/.npm/6fba49bc--local-lib-node-modules-watchify.lock
53 silly lockFile a34815a0-v-npm-watchify-3-7-0-package-tgz tar:///Users/shiv/.npm/watchify/3.7.0/package.tgz
54 verbose lock tar:///Users/shiv/.npm/watchify/3.7.0/package.tgz /Users/shiv/.npm/a34815a0-v-npm-watchify-3-7-0-package-tgz.lock
55 silly gunzTarPerm modes [ '755', '644' ]
56 error Error: EACCES, mkdir '/usr/local/lib/node_modules/watchify'
56 error  { [Error: EACCES, mkdir '/usr/local/lib/node_modules/watchify']
56 error   errno: 3,
56 error   code: 'EACCES',
56 error   path: '/usr/local/lib/node_modules/watchify',
56 error   fstream_type: 'Directory',
56 error   fstream_path: '/usr/local/lib/node_modules/watchify',
56 error   fstream_class: 'DirWriter',
56 error   fstream_stack:
56 error    [ '/usr/local/lib/node_modules/npm/node_modules/fstream/lib/dir-writer.js:36:23',
56 error      '/usr/local/lib/node_modules/npm/node_modules/mkdirp/index.js:46:53',
56 error      'Object.oncomplete (fs.js:108:15)' ] }
57 error Please try running this command again as root/Administrator.
58 error System Darwin 14.5.0
59 error command "node" "/usr/local/bin/npm" "install" "-g" "watchify"
60 error cwd /Users/shiv/mapbox/diversity
61 error node -v v0.10.34
62 error npm -v 1.4.28
63 error path /usr/local/lib/node_modules/watchify
64 error fstream_path /usr/local/lib/node_modules/watchify
65 error fstream_type Directory
66 error fstream_class DirWriter
67 error code EACCES
68 error errno 3
69 error stack Error: EACCES, mkdir '/usr/local/lib/node_modules/watchify'
70 error fstream_stack /usr/local/lib/node_modules/npm/node_modules/fstream/lib/dir-writer.js:36:23
70 error fstream_stack /usr/local/lib/node_modules/npm/node_modules/mkdirp/index.js:46:53
70 error fstream_stack Object.oncomplete (fs.js:108:15)
71 verbose exit [ 3, true ]
